343  [ContainerBackgroundProcessor[StandardEngine[Catalina]]] INFO  o.s.web.context.ContextLoader - Root WebApplicationContext: initialization started
401  [ContainerBackgroundProcessor[StandardEngine[Catalina]]] INFO  o.s.w.c.s.XmlWebApplicationContext - Refreshing Root WebApplicationContext: startup date [Tue Apr 11 22:59:59 KST 2017]; root of context hierarchy
447  [ContainerBackgroundProcessor[StandardEngine[Catalina]]] INFO  o.s.b.f.xml.XmlBeanDefinitionReader - Loading XML bean definitions from class path resource [spring/application-config.xml]
679  [ContainerBackgroundProcessor[StandardEngine[Catalina]]] DEBUG o.apache.ibatis.logging.LogFactory - Logging initialized using 'class org.apache.ibatis.logging.commons.JakartaCommonsLoggingImpl' adapter.
778  [ContainerBackgroundProcessor[StandardEngine[Catalina]]] DEBUG o.m.spring.SqlSessionFactoryBean - Parsed configuration file: 'class path resource [spring/mybatis/sqlMapConfig.xml]'
833  [ContainerBackgroundProcessor[StandardEngine[Catalina]]] DEBUG o.m.spring.SqlSessionFactoryBean - Parsed mapper file: 'file [D:\Program Files\work\sts-bundle\pivotal-tc-server-developer-3.2.4.SR1\base-instance\wtpwebapps\mari\WEB-INF\classes\sql\UsersSql.xml]'
893  [ContainerBackgroundProcessor[StandardEngine[Catalina]]] INFO  o.s.web.context.ContextLoader - Root WebApplicationContext: initialization completed in 547 ms
913  [ContainerBackgroundProcessor[StandardEngine[Catalina]]] INFO  o.s.web.servlet.DispatcherServlet - FrameworkServlet 'dispatcherServlet': initialization started
917  [ContainerBackgroundProcessor[StandardEngine[Catalina]]] INFO  o.s.w.c.s.XmlWebApplicationContext - Refreshing WebApplicationContext for namespace 'dispatcherServlet-servlet': startup date [Tue Apr 11 22:59:59 KST 2017]; parent: Root WebApplicationContext
917  [ContainerBackgroundProcessor[StandardEngine[Catalina]]] INFO  o.s.b.f.xml.XmlBeanDefinitionReader - Loading XML bean definitions from ServletContext resource [/WEB-INF/mvc-config.xml]
1254 [ContainerBackgroundProcessor[StandardEngine[Catalina]]] INFO  o.s.w.s.m.m.a.RequestMappingHandlerMapping - Mapped "{[/main/main.ma]}" onto public java.lang.String net.ma.ri.main.MainAction.main(org.springframework.ui.Model) throws java.lang.Exception
1315 [ContainerBackgroundProcessor[StandardEngine[Catalina]]] INFO  o.s.w.s.m.m.a.RequestMappingHandlerAdapter - Looking for @ControllerAdvice: WebApplicationContext for namespace 'dispatcherServlet-servlet': startup date [Tue Apr 11 22:59:59 KST 2017]; parent: Root WebApplicationContext
1360 [ContainerBackgroundProcessor[StandardEngine[Catalina]]] INFO  o.s.w.s.m.m.a.RequestMappingHandlerAdapter - Looking for @ControllerAdvice: WebApplicationContext for namespace 'dispatcherServlet-servlet': startup date [Tue Apr 11 22:59:59 KST 2017]; parent: Root WebApplicationContext
1413 [ContainerBackgroundProcessor[StandardEngine[Catalina]]] INFO  o.s.w.s.h.SimpleUrlHandlerMapping - Mapped URL path [/resources/**] onto handler 'org.springframework.web.servlet.resource.ResourceHttpRequestHandler#0'
1414 [ContainerBackgroundProcessor[StandardEngine[Catalina]]] INFO  o.s.w.s.h.SimpleUrlHandlerMapping - Mapped URL path [/webjars/**] onto handler 'org.springframework.web.servlet.resource.ResourceHttpRequestHandler#1'
1472 [ContainerBackgroundProcessor[StandardEngine[Catalina]]] DEBUG o.apache.commons.digester.Digester - register('-//Apache Software Foundation//DTD Tiles Configuration 3.0//EN', 'jar:file:/D:/Program%20Files/work/sts-bundle/pivotal-tc-server-developer-3.2.4.SR1/base-instance/wtpwebapps/mari/WEB-INF/lib/tiles-core-3.0.7.jar!/org/apache/tiles/resources/tiles-config_3_0.dtd'
1485 [ContainerBackgroundProcessor[StandardEngine[Catalina]]] INFO  org.apache.tiles.access.TilesAccess - Publishing TilesContext for context: org.springframework.web.servlet.view.tiles3.SpringWildcardServletTilesApplicationContext
1556 [ContainerBackgroundProcessor[StandardEngine[Catalina]]] INFO  o.s.web.servlet.DispatcherServlet - FrameworkServlet 'dispatcherServlet': initialization completed in 643 ms
11810 [ContainerBackgroundProcessor[StandardEngine[Catalina]]] INFO  o.s.w.c.s.XmlWebApplicationContext - Closing WebApplicationContext for namespace 'dispatcherServlet-servlet': startup date [Tue Apr 11 22:59:59 KST 2017]; parent: Root WebApplicationContext
11811 [ContainerBackgroundProcessor[StandardEngine[Catalina]]] INFO  org.apache.tiles.access.TilesAccess - Removing TilesContext for context: org.springframework.web.servlet.view.tiles3.SpringWildcardServletTilesApplicationContext
323  [ContainerBackgroundProcessor[StandardEngine[Catalina]]] INFO  o.s.web.context.ContextLoader - Root WebApplicationContext: initialization started
392  [ContainerBackgroundProcessor[StandardEngine[Catalina]]] INFO  o.s.w.c.s.XmlWebApplicationContext - Refreshing Root WebApplicationContext: startup date [Tue Apr 11 23:00:11 KST 2017]; root of context hierarchy
436  [ContainerBackgroundProcessor[StandardEngine[Catalina]]] INFO  o.s.b.f.xml.XmlBeanDefinitionReader - Loading XML bean definitions from class path resource [spring/application-config.xml]
661  [ContainerBackgroundProcessor[StandardEngine[Catalina]]] DEBUG o.apache.ibatis.logging.LogFactory - Logging initialized using 'class org.apache.ibatis.logging.commons.JakartaCommonsLoggingImpl' adapter.
754  [ContainerBackgroundProcessor[StandardEngine[Catalina]]] DEBUG o.m.spring.SqlSessionFactoryBean - Parsed configuration file: 'class path resource [spring/mybatis/sqlMapConfig.xml]'
806  [ContainerBackgroundProcessor[StandardEngine[Catalina]]] DEBUG o.m.spring.SqlSessionFactoryBean - Parsed mapper file: 'file [D:\Program Files\work\sts-bundle\pivotal-tc-server-developer-3.2.4.SR1\base-instance\wtpwebapps\mari\WEB-INF\classes\sql\UsersSql.xml]'
864  [ContainerBackgroundProcessor[StandardEngine[Catalina]]] INFO  o.s.web.context.ContextLoader - Root WebApplicationContext: initialization completed in 538 ms
880  [ContainerBackgroundProcessor[StandardEngine[Catalina]]] INFO  o.s.web.servlet.DispatcherServlet - FrameworkServlet 'dispatcherServlet': initialization started
882  [ContainerBackgroundProcessor[StandardEngine[Catalina]]] INFO  o.s.w.c.s.XmlWebApplicationContext - Refreshing WebApplicationContext for namespace 'dispatcherServlet-servlet': startup date [Tue Apr 11 23:00:12 KST 2017]; parent: Root WebApplicationContext
882  [ContainerBackgroundProcessor[StandardEngine[Catalina]]] INFO  o.s.b.f.xml.XmlBeanDefinitionReader - Loading XML bean definitions from ServletContext resource [/WEB-INF/mvc-config.xml]
1233 [ContainerBackgroundProcessor[StandardEngine[Catalina]]] INFO  o.s.w.s.m.m.a.RequestMappingHandlerMapping - Mapped "{[/main/main.ma]}" onto public java.lang.String net.ma.ri.main.MainAction.main(org.springframework.ui.Model) throws java.lang.Exception
1301 [ContainerBackgroundProcessor[StandardEngine[Catalina]]] INFO  o.s.w.s.m.m.a.RequestMappingHandlerAdapter - Looking for @ControllerAdvice: WebApplicationContext for namespace 'dispatcherServlet-servlet': startup date [Tue Apr 11 23:00:12 KST 2017]; parent: Root WebApplicationContext
1350 [ContainerBackgroundProcessor[StandardEngine[Catalina]]] INFO  o.s.w.s.m.m.a.RequestMappingHandlerAdapter - Looking for @ControllerAdvice: WebApplicationContext for namespace 'dispatcherServlet-servlet': startup date [Tue Apr 11 23:00:12 KST 2017]; parent: Root WebApplicationContext
1414 [ContainerBackgroundProcessor[StandardEngine[Catalina]]] INFO  o.s.w.s.h.SimpleUrlHandlerMapping - Mapped URL path [/resources/**] onto handler 'org.springframework.web.servlet.resource.ResourceHttpRequestHandler#0'
1416 [ContainerBackgroundProcessor[StandardEngine[Catalina]]] INFO  o.s.w.s.h.SimpleUrlHandlerMapping - Mapped URL path [/webjars/**] onto handler 'org.springframework.web.servlet.resource.ResourceHttpRequestHandler#1'
1475 [ContainerBackgroundProcessor[StandardEngine[Catalina]]] DEBUG o.apache.commons.digester.Digester - register('-//Apache Software Foundation//DTD Tiles Configuration 3.0//EN', 'jar:file:/D:/Program%20Files/work/sts-bundle/pivotal-tc-server-developer-3.2.4.SR1/base-instance/wtpwebapps/mari/WEB-INF/lib/tiles-core-3.0.7.jar!/org/apache/tiles/resources/tiles-config_3_0.dtd'
1488 [ContainerBackgroundProcessor[StandardEngine[Catalina]]] INFO  org.apache.tiles.access.TilesAccess - Publishing TilesContext for context: org.springframework.web.servlet.view.tiles3.SpringWildcardServletTilesApplicationContext
1544 [ContainerBackgroundProcessor[StandardEngine[Catalina]]] INFO  o.s.web.servlet.DispatcherServlet - FrameworkServlet 'dispatcherServlet': initialization completed in 664 ms
11830 [ContainerBackgroundProcessor[StandardEngine[Catalina]]] INFO  o.s.w.c.s.XmlWebApplicationContext - Closing WebApplicationContext for namespace 'dispatcherServlet-servlet': startup date [Tue Apr 11 23:00:12 KST 2017]; parent: Root WebApplicationContext
11830 [ContainerBackgroundProcessor[StandardEngine[Catalina]]] INFO  org.apache.tiles.access.TilesAccess - Removing TilesContext for context: org.springframework.web.servlet.view.tiles3.SpringWildcardServletTilesApplicationContext
